<?xml version="1.0" encoding="UTF-8"?>
<!-- Generated by org.testng.reporters.JUnitReportReporter -->
<testsuite hostname="DESKTOP-KBTOMAE" failures="0" tests="1" name="testNg.LoginTest" time="0.276" errors="0" timestamp="2025-08-06T12:36:19 AEST" skipped="0">
  <testcase classname="testNg.LoginTest" name="SigninApplication" time="0.276">
    <system-out>
      <![CDATA[Successfully logged into application]]>
    </system-out>
  </testcase> <!-- SigninApplication -->
  <system-out>
    <![CDATA[Successfully logged into application]]>
  </system-out>
</testsuite> <!-- testNg.LoginTest -->
